time="2022-02-10T16:47:16+05:00" level=info msg="Success initializing configs" func="github.com/korpgoodness/service.git/internal/app.(*Server).Run()" file="app.go:31"
time="2022-02-10T16:47:16+05:00" level=info msg="Success loading env variables" func="github.com/korpgoodness/service.git/internal/app.(*Server).Run()" file="app.go:37"
time="2022-02-10T16:47:19+05:00" level=info msg="Success connect mongodb" func="github.com/korpgoodness/service.git/internal/app.(*Server).Run()" file="app.go:44"
time="2022-02-10T16:47:19+05:00" level=info msg="Listen server..." func="github.com/korpgoodness/service.git/internal/app.(*Server).Run()" file="app.go:60"
time="2022-02-10T16:47:37+05:00" level=error msg="Incorrent login or password" func="github.com/korpgoodness/service.git/pkg/handler.newErrorResponse()" file="response.go:14"
time="2022-02-10T17:17:43+05:00" level=info msg="Success initializing configs" func="github.com/korpgoodness/service.git/internal/app.(*Server).Run()" file="app.go:31"
time="2022-02-10T17:17:43+05:00" level=info msg="Success loading env variables" func="github.com/korpgoodness/service.git/internal/app.(*Server).Run()" file="app.go:37"
time="2022-02-10T17:17:55+05:00" level=info msg="Success connect mongodb" func="github.com/korpgoodness/service.git/internal/app.(*Server).Run()" file="app.go:44"
time="2022-02-10T17:17:55+05:00" level=info msg="Listen server..." func="github.com/korpgoodness/service.git/internal/app.(*Server).Run()" file="app.go:60"
time="2022-02-10T17:19:21+05:00" level=info msg="Success initializing configs" func="github.com/korpgoodness/service.git/internal/app.(*Server).Run()" file="app.go:31"
time="2022-02-10T17:19:21+05:00" level=info msg="Success loading env variables" func="github.com/korpgoodness/service.git/internal/app.(*Server).Run()" file="app.go:37"
time="2022-02-10T17:19:28+05:00" level=info msg="Success initializing configs" func="github.com/korpgoodness/service.git/internal/app.(*Server).Run()" file="app.go:31"
time="2022-02-10T17:19:28+05:00" level=info msg="Success loading env variables" func="github.com/korpgoodness/service.git/internal/app.(*Server).Run()" file="app.go:37"
time="2022-02-10T17:19:39+05:00" level=info msg="Success connect mongodb" func="github.com/korpgoodness/service.git/internal/app.(*Server).Run()" file="app.go:44"
time="2022-02-10T17:19:39+05:00" level=info msg="Listen server..." func="github.com/korpgoodness/service.git/internal/app.(*Server).Run()" file="app.go:60"
time="2022-02-10T17:22:03+05:00" level=info msg="Success initializing configs" func="github.com/korpgoodness/service.git/internal/app.(*Server).Run()" file="app.go:31"
time="2022-02-10T17:22:03+05:00" level=info msg="Success loading env variables" func="github.com/korpgoodness/service.git/internal/app.(*Server).Run()" file="app.go:37"
time="2022-02-10T17:22:08+05:00" level=info msg="Success initializing configs" func="github.com/korpgoodness/service.git/internal/app.(*Server).Run()" file="app.go:31"
time="2022-02-10T17:22:08+05:00" level=info msg="Success loading env variables" func="github.com/korpgoodness/service.git/internal/app.(*Server).Run()" file="app.go:37"
time="2022-02-10T17:22:18+05:00" level=info msg="Success connect mongodb" func="github.com/korpgoodness/service.git/internal/app.(*Server).Run()" file="app.go:44"
time="2022-02-10T17:22:18+05:00" level=info msg="Listen server..." func="github.com/korpgoodness/service.git/internal/app.(*Server).Run()" file="app.go:60"
time="2022-02-10T17:22:21+05:00" level=info msg="Logout user eyJhbGciOiJIUzI1NiIsInR5cCI6IkpXVCJ9.eyJleHAiOjE2NDcwODc1NTMsInN1YiI6IjYyMDRkYzMwNzc3MmE0MDY3YmRlNDc2YiJ9.skuVCnMcF6R9A9Vfio2VCUfHcFOWtkhCIjyackEAgmQ" func="github.com/korpgoodness/service.git/pkg/handler.(*Handler).Logout()" file="auth.go:102"
time="2022-02-10T17:22:31+05:00" level=info msg="Login user 6204dc307772a4067bde476b" func="github.com/korpgoodness/service.git/pkg/handler.(*Handler).Login()" file="auth.go:36"
time="2022-02-11T10:07:55+05:00" level=info msg="Success initializing configs" func="github.com/korpgoodness/service.git/internal/app.(*Server).Run()" file="app.go:31"
time="2022-02-11T10:07:55+05:00" level=info msg="Success loading env variables" func="github.com/korpgoodness/service.git/internal/app.(*Server).Run()" file="app.go:37"
time="2022-02-11T10:08:03+05:00" level=info msg="Success connect mongodb" func="github.com/korpgoodness/service.git/internal/app.(*Server).Run()" file="app.go:44"
time="2022-02-11T10:08:03+05:00" level=info msg="Listen server..." func="github.com/korpgoodness/service.git/internal/app.(*Server).Run()" file="app.go:60"
time="2022-02-11T10:08:05+05:00" level=error msg="Incorrent login or password" func="github.com/korpgoodness/service.git/pkg/handler.newErrorResponse()" file="response.go:14"
time="2022-02-11T10:08:12+05:00" level=error msg="Incorrent login or password" func="github.com/korpgoodness/service.git/pkg/handler.newErrorResponse()" file="response.go:14"
time="2022-02-11T10:08:29+05:00" level=info msg="Login user 6204dc307772a4067bde476b" func="github.com/korpgoodness/service.git/pkg/handler.(*Handler).Login()" file="auth.go:36"
time="2022-02-11T10:08:52+05:00" level=info msg="Refresh user 6204dc307772a4067bde476b" func="github.com/korpgoodness/service.git/pkg/handler.(*Handler).Refresh()" file="auth.go:70"
time="2022-02-11T10:13:56+05:00" level=info msg="Success initializing configs" func="github.com/korpgoodness/service.git/internal/app.(*Server).Run()" file="app.go:31"
time="2022-02-11T10:13:56+05:00" level=info msg="Success loading env variables" func="github.com/korpgoodness/service.git/internal/app.(*Server).Run()" file="app.go:37"
time="2022-02-11T10:14:09+05:00" level=info msg="Success connect mongodb" func="github.com/korpgoodness/service.git/internal/app.(*Server).Run()" file="app.go:44"
time="2022-02-11T10:14:09+05:00" level=info msg="Listen server..." func="github.com/korpgoodness/service.git/internal/app.(*Server).Run()" file="app.go:60"
time="2022-02-11T10:14:10+05:00" level=info msg="Login user 6204dc307772a4067bde476b" func="github.com/korpgoodness/service.git/pkg/handler.(*Handler).Login()" file="auth.go:36"
time="2022-02-11T10:14:24+05:00" level=info msg="Refresh user 6204dc307772a4067bde476b" func="github.com/korpgoodness/service.git/pkg/handler.(*Handler).Refresh()" file="auth.go:70"
time="2022-02-11T10:53:40+05:00" level=info msg="Refresh user 6204dc307772a4067bde476b" func="github.com/korpgoodness/service.git/pkg/handler.(*Handler).Refresh()" file="auth.go:70"
time="2022-02-11T11:23:32+05:00" level=info msg="Refresh user 6204dc307772a4067bde476b" func="github.com/korpgoodness/service.git/pkg/handler.(*Handler).Refresh()" file="auth.go:70"
time="2022-02-11T11:24:47+05:00" level=info msg="Refresh user 6204dc307772a4067bde476b" func="github.com/korpgoodness/service.git/pkg/handler.(*Handler).Refresh()" file="auth.go:70"
time="2022-02-11T11:30:12+05:00" level=info msg="Refresh user 6204dc307772a4067bde476b" func="github.com/korpgoodness/service.git/pkg/handler.(*Handler).Refresh()" file="auth.go:70"
time="2022-02-11T11:38:19+05:00" level=info msg="Refresh user 6204dc307772a4067bde476b" func="github.com/korpgoodness/service.git/pkg/handler.(*Handler).Refresh()" file="auth.go:70"
time="2022-02-11T12:11:28+05:00" level=error msg="Token is expired" func="github.com/korpgoodness/service.git/pkg/handler.newErrorResponse()" file="response.go:14"
time="2022-02-11T12:11:28+05:00" level=info msg="Refresh user 6204dc307772a4067bde476b" func="github.com/korpgoodness/service.git/pkg/handler.(*Handler).Refresh()" file="auth.go:70"
time="2022-02-11T12:41:02+05:00" level=info msg="Refresh user 6204dc307772a4067bde476b" func="github.com/korpgoodness/service.git/pkg/handler.(*Handler).Refresh()" file="auth.go:70"
time="2022-02-11T12:49:42+05:00" level=info msg="Refresh user 6204dc307772a4067bde476b" func="github.com/korpgoodness/service.git/pkg/handler.(*Handler).Refresh()" file="auth.go:70"
time="2022-02-11T13:06:47+05:00" level=info msg="Refresh user 6204dc307772a4067bde476b" func="github.com/korpgoodness/service.git/pkg/handler.(*Handler).Refresh()" file="auth.go:70"
time="2022-02-11T13:06:57+05:00" level=info msg="Refresh user 6204dc307772a4067bde476b" func="github.com/korpgoodness/service.git/pkg/handler.(*Handler).Refresh()" file="auth.go:70"
time="2022-02-11T13:07:07+05:00" level=info msg="Refresh user 6204dc307772a4067bde476b" func="github.com/korpgoodness/service.git/pkg/handler.(*Handler).Refresh()" file="auth.go:70"
time="2022-02-11T13:07:11+05:00" level=info msg="Refresh user 6204dc307772a4067bde476b" func="github.com/korpgoodness/service.git/pkg/handler.(*Handler).Refresh()" file="auth.go:70"
time="2022-02-11T13:07:14+05:00" level=info msg="Refresh user 6204dc307772a4067bde476b" func="github.com/korpgoodness/service.git/pkg/handler.(*Handler).Refresh()" file="auth.go:70"
time="2022-02-11T13:07:18+05:00" level=info msg="Refresh user 6204dc307772a4067bde476b" func="github.com/korpgoodness/service.git/pkg/handler.(*Handler).Refresh()" file="auth.go:70"
time="2022-02-11T13:12:51+05:00" level=info msg="Refresh user 6204dc307772a4067bde476b" func="github.com/korpgoodness/service.git/pkg/handler.(*Handler).Refresh()" file="auth.go:70"
time="2022-02-11T13:20:47+05:00" level=info msg="Refresh user 6204dc307772a4067bde476b" func="github.com/korpgoodness/service.git/pkg/handler.(*Handler).Refresh()" file="auth.go:70"
time="2022-02-11T13:23:01+05:00" level=info msg="Refresh user 6204dc307772a4067bde476b" func="github.com/korpgoodness/service.git/pkg/handler.(*Handler).Refresh()" file="auth.go:70"
time="2022-02-11T13:59:50+05:00" level=error msg="Token is expired" func="github.com/korpgoodness/service.git/pkg/handler.newErrorResponse()" file="response.go:14"
time="2022-02-11T13:59:51+05:00" level=info msg="Refresh user 6204dc307772a4067bde476b" func="github.com/korpgoodness/service.git/pkg/handler.(*Handler).Refresh()" file="auth.go:70"
time="2022-02-11T14:29:06+05:00" level=info msg="Refresh user 6204dc307772a4067bde476b" func="github.com/korpgoodness/service.git/pkg/handler.(*Handler).Refresh()" file="auth.go:70"
time="2022-02-11T14:35:19+05:00" level=info msg="Refresh user 6204dc307772a4067bde476b" func="github.com/korpgoodness/service.git/pkg/handler.(*Handler).Refresh()" file="auth.go:70"
time="2022-02-11T17:56:50+05:00" level=info msg="Success initializing configs" func="github.com/korpgoodness/service.git/internal/app.(*Server).Run()" file="app.go:31"
time="2022-02-11T17:56:50+05:00" level=info msg="Success loading env variables" func="github.com/korpgoodness/service.git/internal/app.(*Server).Run()" file="app.go:37"
time="2022-02-11T17:56:55+05:00" level=info msg="Success connect mongodb" func="github.com/korpgoodness/service.git/internal/app.(*Server).Run()" file="app.go:44"
time="2022-02-11T17:56:55+05:00" level=info msg="Listen server..." func="github.com/korpgoodness/service.git/internal/app.(*Server).Run()" file="app.go:60"
time="2022-02-11T17:57:01+05:00" level=info msg="Refresh user 6204dc307772a4067bde476b" func="github.com/korpgoodness/service.git/pkg/handler.(*Handler).Refresh()" file="auth.go:70"
time="2022-02-11T18:07:07+05:00" level=info msg="Refresh user 6204dc307772a4067bde476b" func="github.com/korpgoodness/service.git/pkg/handler.(*Handler).Refresh()" file="auth.go:70"
time="2022-02-11T18:12:17+05:00" level=info msg="Refresh user 6204dc307772a4067bde476b" func="github.com/korpgoodness/service.git/pkg/handler.(*Handler).Refresh()" file="auth.go:70"
time="2022-02-11T18:17:02+05:00" level=info msg="Refresh user 6204dc307772a4067bde476b" func="github.com/korpgoodness/service.git/pkg/handler.(*Handler).Refresh()" file="auth.go:70"
time="2022-02-11T18:19:35+05:00" level=info msg="Refresh user 6204dc307772a4067bde476b" func="github.com/korpgoodness/service.git/pkg/handler.(*Handler).Refresh()" file="auth.go:70"
time="2022-02-11T18:24:08+05:00" level=info msg="Refresh user 6204dc307772a4067bde476b" func="github.com/korpgoodness/service.git/pkg/handler.(*Handler).Refresh()" file="auth.go:70"
time="2022-02-11T18:58:35+05:00" level=info msg="Refresh user 6204dc307772a4067bde476b" func="github.com/korpgoodness/service.git/pkg/handler.(*Handler).Refresh()" file="auth.go:70"
time="2022-02-11T19:40:44+05:00" level=error msg="Token is expired" func="github.com/korpgoodness/service.git/pkg/handler.newErrorResponse()" file="response.go:14"
time="2022-02-11T19:40:48+05:00" level=info msg="Refresh user 6204dc307772a4067bde476b" func="github.com/korpgoodness/service.git/pkg/handler.(*Handler).Refresh()" file="auth.go:70"
time="2022-02-11T20:11:26+05:00" level=error msg="Token is expired" func="github.com/korpgoodness/service.git/pkg/handler.newErrorResponse()" file="response.go:14"
time="2022-02-11T20:11:27+05:00" level=info msg="Refresh user 6204dc307772a4067bde476b" func="github.com/korpgoodness/service.git/pkg/handler.(*Handler).Refresh()" file="auth.go:70"
time="2022-02-11T20:13:06+05:00" level=info msg="Refresh user 6204dc307772a4067bde476b" func="github.com/korpgoodness/service.git/pkg/handler.(*Handler).Refresh()" file="auth.go:70"
time="2022-02-11T20:46:29+05:00" level=info msg="Refresh user 6204dc307772a4067bde476b" func="github.com/korpgoodness/service.git/pkg/handler.(*Handler).Refresh()" file="auth.go:70"
time="2022-02-11T20:52:36+05:00" level=info msg="Logout user eyJhbGciOiJIUzI1NiIsInR5cCI6IkpXVCJ9.eyJleHAiOjE2NDcxODYzODksInN1YiI6IjYyMDRkYzMwNzc3MmE0MDY3YmRlNDc2YiJ9.ldrOKKA_rplUJlenlMVsXAzGCVlxCAydV7R4VXKX07I" func="github.com/korpgoodness/service.git/pkg/handler.(*Handler).Logout()" file="auth.go:102"
